Using pre-set license
Built from '2020.3/staging' branch; Version is '2020.3.3f1 (76626098c1c4) revision 7758432'; Using compiler version '192528614'; Build Type 'Release'
OS: 'Windows 10 Home; OS build 22000.978; Version 2009; 64bit' Language: 'en' Physical Memory: 8078 MB
BatchMode: 1, IsHumanControllingUs: 0, StartBugReporterOnCrash: 0, Is64bit: 1, IsPro: 0

 COMMAND LINE ARGUMENTS:
C:\Program Files\Unity\Hub\Editor\2020.3.3f1\Editor\Unity.exe
-adb2
-batchMode
-noUpm
-name
AssetImportWorker0
-projectPath
C:/Users/Gebruiker/Desktop/API_Connection_Test
-logFile
Logs/AssetImportWorker0.log
-srvPort
63595
Successfully changed project path to: C:/Users/Gebruiker/Desktop/API_Connection_Test
C:/Users/Gebruiker/Desktop/API_Connection_Test
Using Asset Import Pipeline V2.
Refreshing native plugins compatible for Editor in 109.55 ms, found 1 plugins.
Preloading 0 native plugins for Editor in 0.00 ms.
Initialize engine version: 2020.3.3f1 (76626098c1c4)
[Subsystems] Discovering subsystems at path C:/Program Files/Unity/Hub/Editor/2020.3.3f1/Editor/Data/Resources/UnitySubsystems
[Subsystems] Discovering subsystems at path C:/Users/Gebruiker/Desktop/API_Connection_Test/Assets
GfxDevice: creating device client; threaded=0
Direct3D:
    Version:  Direct3D 11.0 [level 11.1]
    Renderer: NVIDIA GeForce MX150 (ID=0x1d10)
    Vendor:   
    VRAM:     1983 MB
    Driver:   27.21.14.5763
Initialize mono
Mono path[0] = 'C:/Program Files/Unity/Hub/Editor/2020.3.3f1/Editor/Data/Managed'
Mono path[1] = 'C:/Program Files/Unity/Hub/Editor/2020.3.3f1/Editor/Data/MonoBleedingEdge/lib/mono/unityjit'
Mono config path = 'C:/Program Files/Unity/Hub/Editor/2020.3.3f1/Editor/Data/MonoBleedingEdge/etc'
Using monoOptions --debugger-agent=transport=dt_socket,embedding=1,server=y,suspend=n,address=127.0.0.1:56552
Begin MonoManager ReloadAssembly
Registering precompiled unity dll's ...
Register platform support module: C:/Program Files/Unity/Hub/Editor/2020.3.3f1/Editor/Data/PlaybackEngines/WindowsStandaloneSupport/UnityEditor.WindowsStandalone.Extensions.dll
Registered in 0.006483 seconds.
Native extension for WindowsStandalone target not found
Refreshing native plugins compatible for Editor in 175.89 ms, found 1 plugins.
Preloading 0 native plugins for Editor in 0.00 ms.
Invoked RoslynAnalysisRunner static constructor.
RoslynAnalysisRunner will not be running.
RoslynAnalysisRunner has terminated.
Mono: successfully reloaded assembly
- Completed reload, in  3.457 seconds
Platform modules already initialized, skipping
Registering precompiled user dll's ...
Registered in 0.002443 seconds.
Begin MonoManager ReloadAssembly
Native extension for WindowsStandalone target not found
Refreshing native plugins compatible for Editor in 74.17 ms, found 1 plugins.
Preloading 0 native plugins for Editor in 0.00 ms.
Invoked RoslynAnalysisRunner static constructor.
RoslynAnalysisRunner will not be running.
RoslynAnalysisRunner has terminated.
Mono: successfully reloaded assembly
- Completed reload, in  2.222 seconds
Platform modules already initialized, skipping
========================================================================
Worker process is ready to serve import requests
Launched and connected shader compiler UnityShaderCompiler.exe after 0.09 seconds
Refreshing native plugins compatible for Editor in 0.69 ms, found 1 plugins.
Preloading 0 native plugins for Editor in 0.00 ms.
Unloading 1861 Unused Serialized files (Serialized files now loaded: 0)
System memory in use before: 88.1 MB.
System memory in use after: 88.1 MB.

Unloading 24 unused Assets to reduce memory usage. Loaded Objects now: 2304.
Total: 4.623700 ms (FindLiveObjects: 0.371300 ms CreateObjectMapping: 0.174000 ms MarkObjects: 3.763900 ms  DeleteObjects: 0.312300 ms)

========================================================================
Received Import Request.
  path: Assets/Scripts/AppManager.cs
  artifactKey: Guid(78adb32c10e8b0444b345fcbd9f58d81) Importer(815301076,1909f56bfc062723c751e8b465ee728b)
Start importing Assets/Scripts/AppManager.cs using Guid(78adb32c10e8b0444b345fcbd9f58d81) Importer(815301076,1909f56bfc062723c751e8b465ee728b)  -> (artifact id: '50c6f79ce469217915807c23369c51d9') in 0.095248 seconds
  Import took 0.104353 seconds .

========================================================================
Received Import Request.
  Time since last request: 26.741635 seconds.
  path: Assets/Scripts/UI.cs
  artifactKey: Guid(4136163b0a9be824aafaa6c62112f62c) Importer(815301076,1909f56bfc062723c751e8b465ee728b)
Start importing Assets/Scripts/UI.cs using Guid(4136163b0a9be824aafaa6c62112f62c) Importer(815301076,1909f56bfc062723c751e8b465ee728b)  -> (artifact id: '50b4a4237656f20b8ce4dc88a70d73b3') in 0.011806 seconds
  Import took 0.017250 seconds .

========================================================================
Received Import Request.
  Time since last request: 0.001339 seconds.
  path: Assets/Scripts/UI.cs
  artifactKey: Guid(4136163b0a9be824aafaa6c62112f62c) Importer(815301076,1909f56bfc062723c751e8b465ee728b)
Start importing Assets/Scripts/UI.cs using Guid(4136163b0a9be824aafaa6c62112f62c) Importer(815301076,1909f56bfc062723c751e8b465ee728b)  -> (artifact id: '50b4a4237656f20b8ce4dc88a70d73b3') in 0.004547 seconds
  Import took 0.010569 seconds .

========================================================================
Received Import Request.
  Time since last request: 2006.104895 seconds.
  path: Assets/Scripts/SimpleJSON-master
  artifactKey: Guid(7da65971da7f86d4c909724504e7d481) Importer(815301076,1909f56bfc062723c751e8b465ee728b)
Start importing Assets/Scripts/SimpleJSON-master using Guid(7da65971da7f86d4c909724504e7d481) Importer(815301076,1909f56bfc062723c751e8b465ee728b)  -> (artifact id: 'a842cddfe09cbade39d57c47ae90ec7b') in 0.026080 seconds
  Import took 0.151398 seconds .

========================================================================
Received Import Request.
  Time since last request: 853.592056 seconds.
  path: Assets/Scripts/FireworkModel.cs
  artifactKey: Guid(de4f3629ddc6e3b45b589286a962bd3f) Importer(815301076,1909f56bfc062723c751e8b465ee728b)
Start importing Assets/Scripts/FireworkModel.cs using Guid(de4f3629ddc6e3b45b589286a962bd3f) Importer(815301076,1909f56bfc062723c751e8b465ee728b)  -> (artifact id: '2b868f88b66e703206ad0b279b3769c0') in 0.022256 seconds
  Import took 0.034200 seconds .

========================================================================
Received Prepare
Registering precompiled user dll's ...
Registered in 0.003282 seconds.
Begin MonoManager ReloadAssembly
Native extension for WindowsStandalone target not found
Refreshing native plugins compatible for Editor in 1.11 ms, found 1 plugins.
Preloading 0 native plugins for Editor in 0.00 ms.
Invoked RoslynAnalysisRunner static constructor.
RoslynAnalysisRunner will not be running.
RoslynAnalysisRunner has terminated.
Mono: successfully reloaded assembly
- Completed reload, in  3.362 seconds
Platform modules already initialized, skipping
Refreshing native plugins compatible for Editor in 1.14 ms, found 1 plugins.
Preloading 0 native plugins for Editor in 0.00 ms.
Unloading 1844 Unused Serialized files (Serialized files now loaded: 0)
System memory in use before: 86.8 MB.
System memory in use after: 86.8 MB.

Unloading 12 unused Assets to reduce memory usage. Loaded Objects now: 2309.
Total: 12.041600 ms (FindLiveObjects: 1.782400 ms CreateObjectMapping: 0.398100 ms MarkObjects: 9.438400 ms  DeleteObjects: 0.418100 ms)

AssetImportWorkerClient::OnTransportError - code=2 error=End of file
