Using pre-set license
Built from '2020.3/staging' branch; Version is '2020.3.3f1 (76626098c1c4) revision 7758432'; Using compiler version '192528614'; Build Type 'Release'
OS: 'Windows 10 Home; OS build 22000.978; Version 2009; 64bit' Language: 'en' Physical Memory: 8078 MB
BatchMode: 1, IsHumanControllingUs: 0, StartBugReporterOnCrash: 0, Is64bit: 1, IsPro: 0

 COMMAND LINE ARGUMENTS:
C:\Program Files\Unity\Hub\Editor\2020.3.3f1\Editor\Unity.exe
-adb2
-batchMode
-noUpm
-name
AssetImportWorker0
-projectPath
C:/Users/Gebruiker/Desktop/API_Connection_Test
-logFile
Logs/AssetImportWorker0.log
-srvPort
58212
Successfully changed project path to: C:/Users/Gebruiker/Desktop/API_Connection_Test
C:/Users/Gebruiker/Desktop/API_Connection_Test
Using Asset Import Pipeline V2.
Refreshing native plugins compatible for Editor in 51.42 ms, found 1 plugins.
Preloading 0 native plugins for Editor in 0.00 ms.
Initialize engine version: 2020.3.3f1 (76626098c1c4)
[Subsystems] Discovering subsystems at path C:/Program Files/Unity/Hub/Editor/2020.3.3f1/Editor/Data/Resources/UnitySubsystems
[Subsystems] Discovering subsystems at path C:/Users/Gebruiker/Desktop/API_Connection_Test/Assets
GfxDevice: creating device client; threaded=0
Direct3D:
    Version:  Direct3D 11.0 [level 11.1]
    Renderer: NVIDIA GeForce MX150 (ID=0x1d10)
    Vendor:   
    VRAM:     1983 MB
    Driver:   27.21.14.5763
Initialize mono
Mono path[0] = 'C:/Program Files/Unity/Hub/Editor/2020.3.3f1/Editor/Data/Managed'
Mono path[1] = 'C:/Program Files/Unity/Hub/Editor/2020.3.3f1/Editor/Data/MonoBleedingEdge/lib/mono/unityjit'
Mono config path = 'C:/Program Files/Unity/Hub/Editor/2020.3.3f1/Editor/Data/MonoBleedingEdge/etc'
Using monoOptions --debugger-agent=transport=dt_socket,embedding=1,server=y,suspend=n,address=127.0.0.1:56904
Begin MonoManager ReloadAssembly
Registering precompiled unity dll's ...
Register platform support module: C:/Program Files/Unity/Hub/Editor/2020.3.3f1/Editor/Data/PlaybackEngines/WindowsStandaloneSupport/UnityEditor.WindowsStandalone.Extensions.dll
Registered in 0.007296 seconds.
Native extension for WindowsStandalone target not found
Refreshing native plugins compatible for Editor in 45.97 ms, found 1 plugins.
Preloading 0 native plugins for Editor in 0.00 ms.
Invoked RoslynAnalysisRunner static constructor.
RoslynAnalysisRunner will not be running.
RoslynAnalysisRunner has terminated.
Mono: successfully reloaded assembly
- Completed reload, in  6.010 seconds
Platform modules already initialized, skipping
Registering precompiled user dll's ...
Registered in 0.004506 seconds.
Begin MonoManager ReloadAssembly
Native extension for WindowsStandalone target not found
Refreshing native plugins compatible for Editor in 64.00 ms, found 1 plugins.
Preloading 0 native plugins for Editor in 0.00 ms.
Invoked RoslynAnalysisRunner static constructor.
RoslynAnalysisRunner will not be running.
RoslynAnalysisRunner has terminated.
Mono: successfully reloaded assembly
- Completed reload, in  1.361 seconds
Platform modules already initialized, skipping
========================================================================
Worker process is ready to serve import requests
Launched and connected shader compiler UnityShaderCompiler.exe after 0.11 seconds
Refreshing native plugins compatible for Editor in 0.65 ms, found 1 plugins.
Preloading 0 native plugins for Editor in 0.00 ms.
Unloading 1860 Unused Serialized files (Serialized files now loaded: 0)
System memory in use before: 88.3 MB.
System memory in use after: 88.2 MB.

Unloading 24 unused Assets to reduce memory usage. Loaded Objects now: 2304.
Total: 4.643900 ms (FindLiveObjects: 0.480700 ms CreateObjectMapping: 0.423900 ms MarkObjects: 3.400100 ms  DeleteObjects: 0.336300 ms)

========================================================================
Received Import Request.
  path: Assets/Plugins
  artifactKey: Guid(03bbbeb1a8fe3a640a0c46e496fa7bbf) Importer(815301076,1909f56bfc062723c751e8b465ee728b)
Start importing Assets/Plugins using Guid(03bbbeb1a8fe3a640a0c46e496fa7bbf) Importer(815301076,1909f56bfc062723c751e8b465ee728b)  -> (artifact id: '5740955455971c1792206d4f4c8d2f05') in 0.034276 seconds
  Import took 0.047782 seconds .

========================================================================
Received Import Request.
  Time since last request: 0.001159 seconds.
  path: Assets/SimpleJSON-master
  artifactKey: Guid(9fa96b29e2e46464c81ddd1abb8dd11e) Importer(815301076,1909f56bfc062723c751e8b465ee728b)
Start importing Assets/SimpleJSON-master using Guid(9fa96b29e2e46464c81ddd1abb8dd11e) Importer(815301076,1909f56bfc062723c751e8b465ee728b)  -> (artifact id: '611760ea876cafe61a70be414af7ee1d') in 0.010575 seconds
  Import took 0.015497 seconds .

========================================================================
Received Import Request.
  Time since last request: 0.000288 seconds.
  path: Assets/SimpleJSON-master/SimpleJSON-master/SimpleJSON.cs
  artifactKey: Guid(5f331f593ebf2cd48a8eb714366f7727) Importer(815301076,1909f56bfc062723c751e8b465ee728b)
Start importing Assets/SimpleJSON-master/SimpleJSON-master/SimpleJSON.cs using Guid(5f331f593ebf2cd48a8eb714366f7727) Importer(815301076,1909f56bfc062723c751e8b465ee728b)  -> (artifact id: 'af57c4803cfd5452f69d536d0d20848b') in 0.372326 seconds
  Import took 0.377991 seconds .

========================================================================
Received Import Request.
  Time since last request: 0.000346 seconds.
  path: Assets/SimpleJSON-master/SimpleJSON-master
  artifactKey: Guid(b85f8938d9e27cc4a9160ba28842f007) Importer(815301076,1909f56bfc062723c751e8b465ee728b)
Start importing Assets/SimpleJSON-master/SimpleJSON-master using Guid(b85f8938d9e27cc4a9160ba28842f007) Importer(815301076,1909f56bfc062723c751e8b465ee728b)  -> (artifact id: 'ea4cc5e12cd10b42b130ded309c66909') in 0.002987 seconds
  Import took 0.009699 seconds .

========================================================================
Received Import Request.
  Time since last request: 0.411787 seconds.
  path: Assets/SimpleJSON-master/SimpleJSON-master/SimpleJSONBinary.cs
  artifactKey: Guid(50b8a72a4cca23a48b46dea1a6cddb94) Importer(815301076,1909f56bfc062723c751e8b465ee728b)
Start importing Assets/SimpleJSON-master/SimpleJSON-master/SimpleJSONBinary.cs using Guid(50b8a72a4cca23a48b46dea1a6cddb94) Importer(815301076,1909f56bfc062723c751e8b465ee728b)  -> (artifact id: 'e92f8955cd72c3014e3e925e98e509cf') in 0.013766 seconds
  Import took 0.019447 seconds .

========================================================================
Received Import Request.
  Time since last request: 0.890104 seconds.
  path: Assets/SimpleJSON-master/SimpleJSON-master/SimpleJSONDotNetTypes.cs
  artifactKey: Guid(c9e05f2ee6e98ad4ebff0de1fb8bdc0c) Importer(815301076,1909f56bfc062723c751e8b465ee728b)
Start importing Assets/SimpleJSON-master/SimpleJSON-master/SimpleJSONDotNetTypes.cs using Guid(c9e05f2ee6e98ad4ebff0de1fb8bdc0c) Importer(815301076,1909f56bfc062723c751e8b465ee728b)  -> (artifact id: '0b1015cf170079664a3c2061da864a49') in 0.012167 seconds
  Import took 0.017014 seconds .

========================================================================
Received Import Request.
  Time since last request: 0.700204 seconds.
  path: Assets/SimpleJSON-master/SimpleJSON-master/SimpleJSONUnity.cs
  artifactKey: Guid(d1aa6fe26692bd7439a804777c1da6ce) Importer(815301076,1909f56bfc062723c751e8b465ee728b)
Start importing Assets/SimpleJSON-master/SimpleJSON-master/SimpleJSONUnity.cs using Guid(d1aa6fe26692bd7439a804777c1da6ce) Importer(815301076,1909f56bfc062723c751e8b465ee728b)  -> (artifact id: '43007f223830f18dadedef768f4a75ed') in 0.020998 seconds
  Import took 0.031839 seconds .

========================================================================
Received Import Request.
  Time since last request: 6.730229 seconds.
  path: Assets/SimpleJSON-master/SimpleJSON-master/Changelog.txt
  artifactKey: Guid(8ee0034c91115d7469807bfa3b6607b2) Importer(815301076,1909f56bfc062723c751e8b465ee728b)
Start importing Assets/SimpleJSON-master/SimpleJSON-master/Changelog.txt using Guid(8ee0034c91115d7469807bfa3b6607b2) Importer(815301076,1909f56bfc062723c751e8b465ee728b)  -> (artifact id: '6a882968386daf31e0e0904a8684018c') in 0.101070 seconds
  Import took 0.108498 seconds .

========================================================================
Received Import Request.
  Time since last request: 3.460383 seconds.
  path: Assets/SimpleJSON-master/SimpleJSON-master/LICENSE
  artifactKey: Guid(9aec2157cd7c7a44ab49a2716a6ad6e6) Importer(815301076,1909f56bfc062723c751e8b465ee728b)
Start importing Assets/SimpleJSON-master/SimpleJSON-master/LICENSE using Guid(9aec2157cd7c7a44ab49a2716a6ad6e6) Importer(815301076,1909f56bfc062723c751e8b465ee728b)  -> (artifact id: '2dd5e8eab307de45c31fac64c36d0bf8') in 0.020593 seconds
  Import took 0.027529 seconds .

========================================================================
Received Import Request.
  Time since last request: 0.855652 seconds.
  path: Assets/SimpleJSON-master/SimpleJSON-master/README
  artifactKey: Guid(c1c8a8d1697f99d43aa8f2d84fb82a13) Importer(815301076,1909f56bfc062723c751e8b465ee728b)
Start importing Assets/SimpleJSON-master/SimpleJSON-master/README using Guid(c1c8a8d1697f99d43aa8f2d84fb82a13) Importer(815301076,1909f56bfc062723c751e8b465ee728b)  -> (artifact id: '51bbb393412a8fbe6bc1a7d557dfef98') in 0.011466 seconds
  Import took 0.017010 seconds .

========================================================================
Received Prepare
Registering precompiled user dll's ...
Registered in 0.005761 seconds.
Begin MonoManager ReloadAssembly
Native extension for WindowsStandalone target not found
Refreshing native plugins compatible for Editor in 1.77 ms, found 1 plugins.
Preloading 0 native plugins for Editor in 0.00 ms.
Invoked RoslynAnalysisRunner static constructor.
RoslynAnalysisRunner will not be running.
RoslynAnalysisRunner has terminated.
Mono: successfully reloaded assembly
- Completed reload, in  1.689 seconds
Platform modules already initialized, skipping
Refreshing native plugins compatible for Editor in 0.53 ms, found 1 plugins.
Preloading 0 native plugins for Editor in 0.00 ms.
Unloading 1842 Unused Serialized files (Serialized files now loaded: 0)
System memory in use before: 87.0 MB.
System memory in use after: 87.0 MB.

Unloading 12 unused Assets to reduce memory usage. Loaded Objects now: 2308.
Total: 3.179300 ms (FindLiveObjects: 0.813100 ms CreateObjectMapping: 0.177400 ms MarkObjects: 2.016100 ms  DeleteObjects: 0.171600 ms)

========================================================================
Received Prepare
Registering precompiled user dll's ...
Registered in 0.002112 seconds.
Begin MonoManager ReloadAssembly
Native extension for WindowsStandalone target not found
Refreshing native plugins compatible for Editor in 0.41 ms, found 1 plugins.
Preloading 0 native plugins for Editor in 0.00 ms.
Invoked RoslynAnalysisRunner static constructor.
RoslynAnalysisRunner will not be running.
RoslynAnalysisRunner has terminated.
Mono: successfully reloaded assembly
- Completed reload, in  1.079 seconds
Platform modules already initialized, skipping
Refreshing native plugins compatible for Editor in 0.60 ms, found 1 plugins.
Preloading 0 native plugins for Editor in 0.00 ms.
Unloading 1842 Unused Serialized files (Serialized files now loaded: 0)
System memory in use before: 87.0 MB.
System memory in use after: 87.0 MB.

Unloading 12 unused Assets to reduce memory usage. Loaded Objects now: 2312.
Total: 2.478700 ms (FindLiveObjects: 0.189600 ms CreateObjectMapping: 0.075700 ms MarkObjects: 2.037700 ms  DeleteObjects: 0.174600 ms)

========================================================================
Received Prepare
Registering precompiled user dll's ...
Registered in 0.005489 seconds.
Begin MonoManager ReloadAssembly
Native extension for WindowsStandalone target not found
Refreshing native plugins compatible for Editor in 0.37 ms, found 1 plugins.
Preloading 0 native plugins for Editor in 0.00 ms.
Invoked RoslynAnalysisRunner static constructor.
RoslynAnalysisRunner will not be running.
RoslynAnalysisRunner has terminated.
Mono: successfully reloaded assembly
- Completed reload, in  1.247 seconds
Platform modules already initialized, skipping
Refreshing native plugins compatible for Editor in 0.38 ms, found 1 plugins.
Preloading 0 native plugins for Editor in 0.00 ms.
Unloading 1842 Unused Serialized files (Serialized files now loaded: 0)
System memory in use before: 87.1 MB.
System memory in use after: 87.0 MB.

Unloading 12 unused Assets to reduce memory usage. Loaded Objects now: 2316.
Total: 2.234200 ms (FindLiveObjects: 0.185800 ms CreateObjectMapping: 0.069800 ms MarkObjects: 1.864900 ms  DeleteObjects: 0.112500 ms)

========================================================================
Received Prepare
Registering precompiled user dll's ...
Registered in 0.001188 seconds.
Begin MonoManager ReloadAssembly
Native extension for WindowsStandalone target not found
Refreshing native plugins compatible for Editor in 1.04 ms, found 1 plugins.
Preloading 0 native plugins for Editor in 0.00 ms.
Invoked RoslynAnalysisRunner static constructor.
RoslynAnalysisRunner will not be running.
RoslynAnalysisRunner has terminated.
Mono: successfully reloaded assembly
- Completed reload, in  1.225 seconds
Platform modules already initialized, skipping
Refreshing native plugins compatible for Editor in 0.36 ms, found 1 plugins.
Preloading 0 native plugins for Editor in 0.00 ms.
Unloading 1842 Unused Serialized files (Serialized files now loaded: 0)
System memory in use before: 87.1 MB.
System memory in use after: 87.0 MB.

Unloading 12 unused Assets to reduce memory usage. Loaded Objects now: 2320.
Total: 5.662700 ms (FindLiveObjects: 0.249300 ms CreateObjectMapping: 0.114900 ms MarkObjects: 5.119000 ms  DeleteObjects: 0.177600 ms)

========================================================================
Received Prepare
Registering precompiled user dll's ...
Registered in 0.001291 seconds.
Begin MonoManager ReloadAssembly
Native extension for WindowsStandalone target not found
Refreshing native plugins compatible for Editor in 0.58 ms, found 1 plugins.
Preloading 0 native plugins for Editor in 0.00 ms.
Invoked RoslynAnalysisRunner static constructor.
RoslynAnalysisRunner will not be running.
RoslynAnalysisRunner has terminated.
Mono: successfully reloaded assembly
- Completed reload, in  1.630 seconds
Platform modules already initialized, skipping
Refreshing native plugins compatible for Editor in 1.49 ms, found 1 plugins.
Preloading 0 native plugins for Editor in 0.00 ms.
Unloading 1842 Unused Serialized files (Serialized files now loaded: 0)
System memory in use before: 87.1 MB.
System memory in use after: 87.1 MB.

Unloading 12 unused Assets to reduce memory usage. Loaded Objects now: 2324.
Total: 4.065400 ms (FindLiveObjects: 0.838300 ms CreateObjectMapping: 0.163200 ms MarkObjects: 2.912100 ms  DeleteObjects: 0.147900 ms)

========================================================================
Received Prepare
Registering precompiled user dll's ...
Registered in 0.003544 seconds.
Begin MonoManager ReloadAssembly
Native extension for WindowsStandalone target not found
Refreshing native plugins compatible for Editor in 1.57 ms, found 1 plugins.
Preloading 0 native plugins for Editor in 0.00 ms.
Invoked RoslynAnalysisRunner static constructor.
RoslynAnalysisRunner will not be running.
RoslynAnalysisRunner has terminated.
Mono: successfully reloaded assembly
- Completed reload, in  1.689 seconds
Platform modules already initialized, skipping
Refreshing native plugins compatible for Editor in 0.90 ms, found 1 plugins.
Preloading 0 native plugins for Editor in 0.00 ms.
Unloading 1842 Unused Serialized files (Serialized files now loaded: 0)
System memory in use before: 87.1 MB.
System memory in use after: 87.1 MB.

Unloading 12 unused Assets to reduce memory usage. Loaded Objects now: 2328.
Total: 8.789000 ms (FindLiveObjects: 0.640900 ms CreateObjectMapping: 0.523400 ms MarkObjects: 7.316000 ms  DeleteObjects: 0.306300 ms)

========================================================================
Received Prepare
Registering precompiled user dll's ...
Registered in 0.003088 seconds.
Begin MonoManager ReloadAssembly
Native extension for WindowsStandalone target not found
Refreshing native plugins compatible for Editor in 1.50 ms, found 1 plugins.
Preloading 0 native plugins for Editor in 0.00 ms.
Invoked RoslynAnalysisRunner static constructor.
RoslynAnalysisRunner will not be running.
RoslynAnalysisRunner has terminated.
Mono: successfully reloaded assembly
- Completed reload, in  1.976 seconds
Platform modules already initialized, skipping
Refreshing native plugins compatible for Editor in 0.48 ms, found 1 plugins.
Preloading 0 native plugins for Editor in 0.00 ms.
Unloading 1842 Unused Serialized files (Serialized files now loaded: 0)
System memory in use before: 87.1 MB.
System memory in use after: 87.1 MB.

Unloading 12 unused Assets to reduce memory usage. Loaded Objects now: 2332.
Total: 5.014400 ms (FindLiveObjects: 0.949100 ms CreateObjectMapping: 0.575400 ms MarkObjects: 3.328500 ms  DeleteObjects: 0.157500 ms)

========================================================================
Received Prepare
Registering precompiled user dll's ...
Registered in 0.001800 seconds.
Begin MonoManager ReloadAssembly
Native extension for WindowsStandalone target not found
Refreshing native plugins compatible for Editor in 1.10 ms, found 1 plugins.
Preloading 0 native plugins for Editor in 0.00 ms.
Invoked RoslynAnalysisRunner static constructor.
RoslynAnalysisRunner will not be running.
RoslynAnalysisRunner has terminated.
Mono: successfully reloaded assembly
- Completed reload, in  1.524 seconds
Platform modules already initialized, skipping
Refreshing native plugins compatible for Editor in 0.77 ms, found 1 plugins.
Preloading 0 native plugins for Editor in 0.00 ms.
Unloading 1842 Unused Serialized files (Serialized files now loaded: 0)
System memory in use before: 87.1 MB.
System memory in use after: 87.1 MB.

Unloading 12 unused Assets to reduce memory usage. Loaded Objects now: 2336.
Total: 4.422600 ms (FindLiveObjects: 0.447200 ms CreateObjectMapping: 0.138600 ms MarkObjects: 3.199600 ms  DeleteObjects: 0.634000 ms)

========================================================================
Received Prepare
Registering precompiled user dll's ...
Registered in 0.001249 seconds.
Begin MonoManager ReloadAssembly
Native extension for WindowsStandalone target not found
Refreshing native plugins compatible for Editor in 0.55 ms, found 1 plugins.
Preloading 0 native plugins for Editor in 0.00 ms.
Invoked RoslynAnalysisRunner static constructor.
RoslynAnalysisRunner will not be running.
RoslynAnalysisRunner has terminated.
Mono: successfully reloaded assembly
- Completed reload, in  1.354 seconds
Platform modules already initialized, skipping
Refreshing native plugins compatible for Editor in 0.51 ms, found 1 plugins.
Preloading 0 native plugins for Editor in 0.00 ms.
Unloading 1842 Unused Serialized files (Serialized files now loaded: 0)
System memory in use before: 87.1 MB.
System memory in use after: 87.1 MB.

Unloading 12 unused Assets to reduce memory usage. Loaded Objects now: 2340.
Total: 3.824500 ms (FindLiveObjects: 0.426000 ms CreateObjectMapping: 0.191600 ms MarkObjects: 3.060900 ms  DeleteObjects: 0.142600 ms)

========================================================================
Received Prepare
Registering precompiled user dll's ...
Registered in 0.001104 seconds.
Begin MonoManager ReloadAssembly
Native extension for WindowsStandalone target not found
Refreshing native plugins compatible for Editor in 0.43 ms, found 1 plugins.
Preloading 0 native plugins for Editor in 0.00 ms.
Invoked RoslynAnalysisRunner static constructor.
RoslynAnalysisRunner will not be running.
RoslynAnalysisRunner has terminated.
Mono: successfully reloaded assembly
- Completed reload, in  1.215 seconds
Platform modules already initialized, skipping
Refreshing native plugins compatible for Editor in 0.39 ms, found 1 plugins.
Preloading 0 native plugins for Editor in 0.00 ms.
Unloading 1842 Unused Serialized files (Serialized files now loaded: 0)
System memory in use before: 87.1 MB.
System memory in use after: 87.1 MB.

Unloading 12 unused Assets to reduce memory usage. Loaded Objects now: 2344.
Total: 3.151800 ms (FindLiveObjects: 0.395000 ms CreateObjectMapping: 0.106400 ms MarkObjects: 2.480000 ms  DeleteObjects: 0.138300 ms)

========================================================================
Received Prepare
Registering precompiled user dll's ...
Registered in 0.001186 seconds.
Begin MonoManager ReloadAssembly
Native extension for WindowsStandalone target not found
Refreshing native plugins compatible for Editor in 0.64 ms, found 1 plugins.
Preloading 0 native plugins for Editor in 0.00 ms.
Invoked RoslynAnalysisRunner static constructor.
RoslynAnalysisRunner will not be running.
RoslynAnalysisRunner has terminated.
Mono: successfully reloaded assembly
- Completed reload, in  1.059 seconds
Platform modules already initialized, skipping
Refreshing native plugins compatible for Editor in 0.46 ms, found 1 plugins.
Preloading 0 native plugins for Editor in 0.00 ms.
Unloading 1842 Unused Serialized files (Serialized files now loaded: 0)
System memory in use before: 87.1 MB.
System memory in use after: 87.1 MB.

Unloading 12 unused Assets to reduce memory usage. Loaded Objects now: 2348.
Total: 3.933100 ms (FindLiveObjects: 0.616100 ms CreateObjectMapping: 0.192900 ms MarkObjects: 2.968400 ms  DeleteObjects: 0.153100 ms)

AssetImportWorkerClient::OnTransportError - code=2 error=End of file
